<?xml version="1.0" encoding="UTF-8"?>
<!-- Generated by org.testng.reporters.JUnitXMLReporter -->
<testsuite hostname="Mehmet" ignored="9" name="Regression Test" tests="2" failures="0" timestamp="2020-01-25T12:37:50 CST" time="36.425" errors="0">
  <testcase name="leaveLabelvalidation" time="7.806" classname="com.hrms.testcases.LeaveListPageTest"/>
  <testcase name="leaveLabelvalidation1" time="7.055" classname="com.hrms.testcases.LeaveListPageTest"/>
  <testcase name="addEmployee" time="0.0" classname="com.hrms.testcases.AddEmployeePageTest">
    <ignored/>
  </testcase> <!-- addEmployee -->
  <testcase name="read" time="0.0" classname="com.hrms.testcases.AddEmployeeWithProperty">
    <ignored/>
  </testcase> <!-- read -->
  <testcase name="@AfterTest writeReport" time="0.0" classname="com.hrms.testbase.BaseClass">
    <ignored/>
  </testcase> <!-- @AfterTest writeReport -->
  <testcase name="@AfterTest writeReport" time="0.0" classname="com.hrms.testbase.BaseClass">
    <ignored/>
  </testcase> <!-- @AfterTest writeReport -->
  <testcase name="@AfterTest writeReport" time="0.0" classname="com.hrms.testbase.BaseClass">
    <ignored/>
  </testcase> <!-- @AfterTest writeReport -->
  <testcase name="@BeforeTest generateReports" time="0.0" classname="com.hrms.testbase.BaseClass">
    <ignored/>
  </testcase> <!-- @BeforeTest generateReports -->
  <testcase name="@BeforeTest generateReports" time="0.0" classname="com.hrms.testbase.BaseClass">
    <ignored/>
  </testcase> <!-- @BeforeTest generateReports -->
  <testcase name="@BeforeTest generateReports" time="0.0" classname="com.hrms.testbase.BaseClass">
    <ignored/>
  </testcase> <!-- @BeforeTest generateReports -->
  <testcase name="multipleLogin" time="0.0" classname="com.hrms.testcases.LoginPageTest">
    <ignored/>
  </testcase> <!-- multipleLogin -->
</testsuite> <!-- Regression Test -->
